# JRE version: OpenJDK Runtime Environment Temurin-17.0.9+9 (17.0.9+9) (build 17.0.9+9)
# Java VM: OpenJDK 64-Bit Server VM Temurin-17.0.9+9 (17.0.9+9, mixed mode, tiered, compressed oops, compressed class ptrs, parallel gc, windows-amd64)
GC Precious Log:
 CPUs: 2 total, 2 available
 Memory: 3914M
 Large Page Support: Disabled
 NUMA Support: Disabled
 Compressed Oops: Enabled (32-bit)
 Alignments: Space 512K, Generation 512K, Heap 2M
 Heap Min Capacity: 100M
 Heap Initial Capacity: 100M
 Heap Max Capacity: 1G
 Pre-touch: Disabled
 Parallel Workers: 2
Heap:
 PSYoungGen      total 20992K, used 11598K [0x00000000eab00000, 0x00000000ec280000, 0x0000000100000000)
  eden space 18944K, 51% used [0x00000000eab00000,0x00000000eb48ac20,0x00000000ebd80000)
  from space 2048K, 89% used [0x00000000ec080000,0x00000000ec248f08,0x00000000ec280000)
  to   space 2048K, 0% used [0x00000000ebe80000,0x00000000ebe80000,0x00000000ec080000)
 ParOldGen       total 68608K, used 42545K [0x00000000c0000000, 0x00000000c4300000, 0x00000000eab00000)
  object space 68608K, 62% used [0x00000000c0000000,0x00000000c298c7a8,0x00000000c4300000)
 Metaspace       used 66704K, committed 67840K, reserved 1114112K
  class space    used 6998K, committed 7488K, reserved 1048576K
GC Heap History (20 events):
Event: 69.776 GC heap before
{Heap before GC invocations=28 (full 2):
 PSYoungGen      total 22016K, used 21580K [0x00000000eab00000, 0x00000000ec400000, 0x0000000100000000)
  eden space 20992K, 100% used [0x00000000eab00000,0x00000000ebf80000,0x00000000ebf80000)
  from space 1024K, 57% used [0x00000000ebf80000,0x00000000ec0133f8,0x00000000ec080000)
  to   space 2048K, 0% used [0x00000000ec200000,0x00000000ec200000,0x00000000ec400000)
 ParOldGen       total 68608K, used 36830K [0x00000000c0000000, 0x00000000c4300000, 0x00000000eab00000)
  object space 68608K, 53% used [0x00000000c0000000,0x00000000c23f7928,0x00000000c4300000)
 Metaspace       used 58375K, committed 59392K, reserved 1114112K
  class space    used 6186K, committed 6656K, reserved 1048576K
}
Event: 69.778 GC heap after
{Heap after GC invocations=28 (full 2):
 PSYoungGen      total 22528K, used 1083K [0x00000000eab00000, 0x00000000ec380000, 0x0000000100000000)
  eden space 20992K, 0% used [0x00000000eab00000,0x00000000eab00000,0x00000000ebf80000)
  from space 1536K, 70% used [0x00000000ec200000,0x00000000ec30eeb0,0x00000000ec380000)
  to   space 1536K, 0% used [0x00000000ec080000,0x00000000ec080000,0x00000000ec200000)
 ParOldGen       total 68608K, used 37003K [0x00000000c0000000, 0x00000000c4300000, 0x00000000eab00000)
  object space 68608K, 53% used [0x00000000c0000000,0x00000000c2422cb8,0x00000000c4300000)
 Metaspace       used 58375K, committed 59392K, reserved 1114112K
  class space    used 6186K, committed 6656K, reserved 1048576K
}
Event: 70.742 GC heap before
{Heap before GC invocations=29 (full 2):
 PSYoungGen      total 22528K, used 7061K [0x00000000eab00000, 0x00000000ec380000, 0x0000000100000000)
  eden space 20992K, 28% used [0x00000000eab00000,0x00000000eb0d6870,0x00000000ebf80000)
  from space 1536K, 70% used [0x00000000ec200000,0x00000000ec30eeb0,0x00000000ec380000)
  to   space 1536K, 0% used [0x00000000ec080000,0x00000000ec080000,0x00000000ec200000)
 ParOldGen       total 68608K, used 37003K [0x00000000c0000000, 0x00000000c4300000, 0x00000000eab00000)
  object space 68608K, 53% used [0x00000000c0000000,0x00000000c2422cb8,0x00000000c4300000)
 Metaspace       used 58812K, committed 59776K, reserved 1114112K
  class space    used 6250K, committed 6720K, reserved 1048576K
}
Event: 70.746 GC heap after
{Heap after GC invocations=29 (full 2):
 PSYoungGen      total 21504K, used 494K [0x00000000eab00000, 0x00000000ec280000, 0x0000000100000000)
  eden space 20992K, 0% used [0x00000000eab00000,0x00000000eab00000,0x00000000ebf80000)
  from space 512K, 96% used [0x00000000ec080000,0x00000000ec0fba10,0x00000000ec100000)
  to   space 1024K, 0% used [0x00000000ec180000,0x00000000ec180000,0x00000000ec280000)
 ParOldGen       total 68608K, used 38049K [0x00000000c0000000, 0x00000000c4300000, 0x00000000eab00000)
  object space 68608K, 55% used [0x00000000c0000000,0x00000000c25284b8,0x00000000c4300000)
 Metaspace       used 58812K, committed 59776K, reserved 1114112K
  class space    used 6250K, committed 6720K, reserved 1048576K
}
Event: 70.746 GC heap before
{Heap before GC invocations=30 (full 3):
 PSYoungGen      total 21504K, used 494K [0x00000000eab00000, 0x00000000ec280000, 0x0000000100000000)
  eden space 20992K, 0% used [0x00000000eab00000,0x00000000eab00000,0x00000000ebf80000)
  from space 512K, 96% used [0x00000000ec080000,0x00000000ec0fba10,0x00000000ec100000)
  to   space 1024K, 0% used [0x00000000ec180000,0x00000000ec180000,0x00000000ec280000)
 ParOldGen       total 68608K, used 38049K [0x00000000c0000000, 0x00000000c4300000, 0x00000000eab00000)
  object space 68608K, 55% used [0x00000000c0000000,0x00000000c25284b8,0x00000000c4300000)
 Metaspace       used 58812K, committed 59776K, reserved 1114112K
  class space    used 6250K, committed 6720K, reserved 1048576K
}
Event: 70.953 GC heap after
{Heap after GC invocations=30 (full 3):
 PSYoungGen      total 21504K, used 0K [0x00000000eab00000, 0x00000000ec280000, 0x0000000100000000)
  eden space 20992K, 0% used [0x00000000eab00000,0x00000000eab00000,0x00000000ebf80000)
  from space 512K, 0% used [0x00000000ec080000,0x00000000ec080000,0x00000000ec100000)
  to   space 1024K, 0% used [0x00000000ec180000,0x00000000ec180000,0x00000000ec280000)
 ParOldGen       total 68608K, used 35547K [0x00000000c0000000, 0x00000000c4300000, 0x00000000eab00000)
  object space 68608K, 51% used [0x00000000c0000000,0x00000000c22b6d98,0x00000000c4300000)
 Metaspace       used 58812K, committed 59776K, reserved 1114112K
  class space    used 6250K, committed 6720K, reserved 1048576K
}
Event: 73.272 GC heap before
{Heap before GC invocations=31 (full 3):
 PSYoungGen      total 21504K, used 20992K [0x00000000eab00000, 0x00000000ec280000, 0x0000000100000000)
  eden space 20992K, 100% used [0x00000000eab00000,0x00000000ebf80000,0x00000000ebf80000)
  from space 512K, 0% used [0x00000000ec080000,0x00000000ec080000,0x00000000ec100000)
  to   space 1024K, 0% used [0x00000000ec180000,0x00000000ec180000,0x00000000ec280000)
 ParOldGen       total 68608K, used 35547K [0x00000000c0000000, 0x00000000c4300000, 0x00000000eab00000)
  object space 68608K, 51% used [0x00000000c0000000,0x00000000c22b6d98,0x00000000c4300000)
 Metaspace       used 60316K, committed 61312K, reserved 1114112K
  class space    used 6414K, committed 6848K, reserved 1048576K
}
Event: 73.276 GC heap after
{Heap after GC invocations=31 (full 3):
 PSYoungGen      total 22016K, used 995K [0x00000000eab00000, 0x00000000ec280000, 0x0000000100000000)
  eden space 20992K, 0% used [0x00000000eab00000,0x00000000eab00000,0x00000000ebf80000)
  from space 1024K, 97% used [0x00000000ec180000,0x00000000ec278ca8,0x00000000ec280000)
  to   space 1536K, 0% used [0x00000000ebf80000,0x00000000ebf80000,0x00000000ec100000)
 ParOldGen       total 68608K, used 35555K [0x00000000c0000000, 0x00000000c4300000, 0x00000000eab00000)
  object space 68608K, 51% used [0x00000000c0000000,0x00000000c22b8d98,0x00000000c4300000)
 Metaspace       used 60316K, committed 61312K, reserved 1114112K
  class space    used 6414K, committed 6848K, reserved 1048576K
}
Event: 73.848 GC heap before
{Heap before GC invocations=32 (full 3):
 PSYoungGen      total 22016K, used 21987K [0x00000000eab00000, 0x00000000ec280000, 0x0000000100000000)
  eden space 20992K, 100% used [0x00000000eab00000,0x00000000ebf80000,0x00000000ebf80000)
  from space 1024K, 97% used [0x00000000ec180000,0x00000000ec278ca8,0x00000000ec280000)
  to   space 1536K, 0% used [0x00000000ebf80000,0x00000000ebf80000,0x00000000ec100000)
 ParOldGen       total 68608K, used 35555K [0x00000000c0000000, 0x00000000c4300000, 0x00000000eab00000)
  object space 68608K, 51% used [0x00000000c0000000,0x00000000c22b8d98,0x00000000c4300000)
 Metaspace       used 60997K, committed 62016K, reserved 1114112K
  class space    used 6477K, committed 6912K, reserved 1048576K
}
Event: 73.852 GC heap after
{Heap after GC invocations=32 (full 3):
 PSYoungGen      total 22528K, used 1317K [0x00000000eab00000, 0x00000000ec280000, 0x0000000100000000)
  eden space 20992K, 0% used [0x00000000eab00000,0x00000000eab00000,0x00000000ebf80000)
  from space 1536K, 85% used [0x00000000ebf80000,0x00000000ec0c96a8,0x00000000ec100000)
  to   space 1536K, 0% used [0x00000000ec100000,0x00000000ec100000,0x00000000ec280000)
 ParOldGen       total 68608K, used 36099K [0x00000000c0000000, 0x00000000c4300000, 0x00000000eab00000)
  object space 68608K, 52% used [0x00000000c0000000,0x00000000c2340f28,0x00000000c4300000)
 Metaspace       used 60997K, committed 62016K, reserved 1114112K
  class space    used 6477K, committed 6912K, reserved 1048576K
}
Event: 73.957 GC heap before
{Heap before GC invocations=33 (full 3):
 PSYoungGen      total 22528K, used 22309K [0x00000000eab00000, 0x00000000ec280000, 0x0000000100000000)
  eden space 20992K, 100% used [0x00000000eab00000,0x00000000ebf80000,0x00000000ebf80000)
  from space 1536K, 85% used [0x00000000ebf80000,0x00000000ec0c96a8,0x00000000ec100000)
  to   space 1536K, 0% used [0x00000000ec100000,0x00000000ec100000,0x00000000ec280000)
 ParOldGen       total 68608K, used 36099K [0x00000000c0000000, 0x00000000c4300000, 0x00000000eab00000)
  object space 68608K, 52% used [0x00000000c0000000,0x00000000c2340f28,0x00000000c4300000)
 Metaspace       used 61023K, committed 62016K, reserved 1114112K
  class space    used 6478K, committed 6912K, reserved 1048576K
}
Event: 73.960 GC heap after
{Heap after GC invocations=33 (full 3):
 PSYoungGen      total 21504K, used 437K [0x00000000eab00000, 0x00000000ec180000, 0x0000000100000000)
  eden space 20992K, 0% used [0x00000000eab00000,0x00000000eab00000,0x00000000ebf80000)
  from space 512K, 85% used [0x00000000ec100000,0x00000000ec16d418,0x00000000ec180000)
  to   space 1024K, 0% used [0x00000000ebf80000,0x00000000ebf80000,0x00000000ec080000)
 ParOldGen       total 68608K, used 37233K [0x00000000c0000000, 0x00000000c4300000, 0x00000000eab00000)
  object space 68608K, 54% used [0x00000000c0000000,0x00000000c245c4f8,0x00000000c4300000)
 Metaspace       used 61023K, committed 62016K, reserved 1114112K
  class space    used 6478K, committed 6912K, reserved 1048576K
}
Event: 332.134 GC heap before
{Heap before GC invocations=34 (full 3):
 PSYoungGen      total 21504K, used 21429K [0x00000000eab00000, 0x00000000ec180000, 0x0000000100000000)
  eden space 20992K, 100% used [0x00000000eab00000,0x00000000ebf80000,0x00000000ebf80000)
  from space 512K, 85% used [0x00000000ec100000,0x00000000ec16d418,0x00000000ec180000)
  to   space 1024K, 0% used [0x00000000ebf80000,0x00000000ebf80000,0x00000000ec080000)
 ParOldGen       total 68608K, used 37233K [0x00000000c0000000, 0x00000000c4300000, 0x00000000eab00000)
  object space 68608K, 54% used [0x00000000c0000000,0x00000000c245c4f8,0x00000000c4300000)
 Metaspace       used 61541K, committed 62592K, reserved 1114112K
  class space    used 6540K, committed 6976K, reserved 1048576K
}
Event: 332.140 GC heap after
{Heap after GC invocations=34 (full 3):
 PSYoungGen      total 22016K, used 1023K [0x00000000eab00000, 0x00000000ec480000, 0x0000000100000000)
  eden space 20992K, 0% used [0x00000000eab00000,0x00000000eab00000,0x00000000ebf80000)
  from space 1024K, 99% used [0x00000000ebf80000,0x00000000ec07fe48,0x00000000ec080000)
  to   space 2560K, 0% used [0x00000000ec200000,0x00000000ec200000,0x00000000ec480000)
 ParOldGen       total 68608K, used 38095K [0x00000000c0000000, 0x00000000c4300000, 0x00000000eab00000)
  object space 68608K, 55% used [0x00000000c0000000,0x00000000c2533d30,0x00000000c4300000)
 Metaspace       used 61541K, committed 62592K, reserved 1114112K
  class space    used 6540K, committed 6976K, reserved 1048576K
}
Event: 346.232 GC heap before
{Heap before GC invocations=35 (full 3):
 PSYoungGen      total 22016K, used 22015K [0x00000000eab00000, 0x00000000ec480000, 0x0000000100000000)
  eden space 20992K, 100% used [0x00000000eab00000,0x00000000ebf80000,0x00000000ebf80000)
  from space 1024K, 99% used [0x00000000ebf80000,0x00000000ec07fe48,0x00000000ec080000)
  to   space 2560K, 0% used [0x00000000ec200000,0x00000000ec200000,0x00000000ec480000)
 ParOldGen       total 68608K, used 38095K [0x00000000c0000000, 0x00000000c4300000, 0x00000000eab00000)
  object space 68608K, 55% used [0x00000000c0000000,0x00000000c2533d30,0x00000000c4300000)
 Metaspace       used 63992K, committed 65088K, reserved 1114112K
  class space    used 6748K, committed 7168K, reserved 1048576K
}
Event: 346.244 GC heap after
{Heap after GC invocations=35 (full 3):
 PSYoungGen      total 21504K, used 2529K [0x00000000eab00000, 0x00000000ec880000, 0x0000000100000000)
  eden space 18944K, 0% used [0x00000000eab00000,0x00000000eab00000,0x00000000ebd80000)
  from space 2560K, 98% used [0x00000000ec200000,0x00000000ec478548,0x00000000ec480000)
  to   space 4608K, 0% used [0x00000000ebd80000,0x00000000ebd80000,0x00000000ec200000)
 ParOldGen       total 68608K, used 39292K [0x00000000c0000000, 0x00000000c4300000, 0x00000000eab00000)
  object space 68608K, 57% used [0x00000000c0000000,0x00000000c265f048,0x00000000c4300000)
 Metaspace       used 63992K, committed 65088K, reserved 1114112K
  class space    used 6748K, committed 7168K, reserved 1048576K
}
Event: 347.520 GC heap before
{Heap before GC invocations=36 (full 3):
 PSYoungGen      total 21504K, used 21473K [0x00000000eab00000, 0x00000000ec880000, 0x0000000100000000)
  eden space 18944K, 100% used [0x00000000eab00000,0x00000000ebd80000,0x00000000ebd80000)
  from space 2560K, 98% used [0x00000000ec200000,0x00000000ec478548,0x00000000ec480000)
  to   space 4608K, 0% used [0x00000000ebd80000,0x00000000ebd80000,0x00000000ec200000)
 ParOldGen       total 68608K, used 39292K [0x00000000c0000000, 0x00000000c4300000, 0x00000000eab00000)
  object space 68608K, 57% used [0x00000000c0000000,0x00000000c265f048,0x00000000c4300000)
 Metaspace       used 64868K, committed 65984K, reserved 1114112K
  class space    used 6832K, committed 7296K, reserved 1048576K
}
Event: 347.534 GC heap after
{Heap after GC invocations=36 (full 3):
 PSYoungGen      total 19968K, used 769K [0x00000000eab00000, 0x00000000ec280000, 0x0000000100000000)
  eden space 18944K, 0% used [0x00000000eab00000,0x00000000eab00000,0x00000000ebd80000)
  from space 1024K, 75% used [0x00000000ebd80000,0x00000000ebe40460,0x00000000ebe80000)
  to   space 2048K, 0% used [0x00000000ec080000,0x00000000ec080000,0x00000000ec280000)
 ParOldGen       total 68608K, used 41815K [0x00000000c0000000, 0x00000000c4300000, 0x00000000eab00000)
  object space 68608K, 60% used [0x00000000c0000000,0x00000000c28d5d78,0x00000000c4300000)
 Metaspace       used 64868K, committed 65984K, reserved 1114112K
  class space    used 6832K, committed 7296K, reserved 1048576K
}
Event: 350.471 GC heap before
{Heap before GC invocations=37 (full 3):
 PSYoungGen      total 19968K, used 19713K [0x00000000eab00000, 0x00000000ec280000, 0x0000000100000000)
  eden space 18944K, 100% used [0x00000000eab00000,0x00000000ebd80000,0x00000000ebd80000)
  from space 1024K, 75% used [0x00000000ebd80000,0x00000000ebe40460,0x00000000ebe80000)
  to   space 2048K, 0% used [0x00000000ec080000,0x00000000ec080000,0x00000000ec280000)
 ParOldGen       total 68608K, used 41815K [0x00000000c0000000, 0x00000000c4300000, 0x00000000eab00000)
  object space 68608K, 60% used [0x00000000c0000000,0x00000000c28d5d78,0x00000000c4300000)
 Metaspace       used 66019K, committed 67200K, reserved 1114112K
  class space    used 6928K, committed 7424K, reserved 1048576K
}
Event: 350.486 GC heap after
{Heap after GC invocations=37 (full 3):
 PSYoungGen      total 20992K, used 1827K [0x00000000eab00000, 0x00000000ec280000, 0x0000000100000000)
  eden space 18944K, 0% used [0x00000000eab00000,0x00000000eab00000,0x00000000ebd80000)
  from space 2048K, 89% used [0x00000000ec080000,0x00000000ec248f08,0x00000000ec280000)
  to   space 2048K, 0% used [0x00000000ebe80000,0x00000000ebe80000,0x00000000ec080000)
 ParOldGen       total 68608K, used 42545K [0x00000000c0000000, 0x00000000c4300000, 0x00000000eab00000)
  object space 68608K, 62% used [0x00000000c0000000,0x00000000c298c7a8,0x00000000c4300000)
 Metaspace       used 66019K, committed 67200K, reserved 1114112K
  class space    used 6928K, committed 7424K, reserved 1048576K
}

